[debug] [2024-12-06T12:12:52.741Z] ----------------------------------------------------------------------
[debug] [2024-12-06T12:12:52.746Z] Command:       C:\Program Files\nodejs\node.exe C:\Users\ASUS\AppData\Roaming\npm\node_modules\firebase-tools\lib\bin\firebase.js init
[debug] [2024-12-06T12:12:52.746Z] CLI Version:   13.27.0
[debug] [2024-12-06T12:12:52.747Z] Platform:      win32
[debug] [2024-12-06T12:12:52.747Z] Node Version:  v22.9.0
[debug] [2024-12-06T12:12:52.747Z] Time:          Fri Dec 06 2024 17:42:52 GMT+0530 (India Standard Time)
[debug] [2024-12-06T12:12:52.747Z] ----------------------------------------------------------------------
[debug] 
[debug] [2024-12-06T12:12:52.753Z] >>> [apiv2][query] GET https://firebase-public.firebaseio.com/cli.json [none]
[debug] [2024-12-06T12:12:52.846Z] > command requires scopes: ["email","openid","https://www.googleapis.com/auth/cloudplatformprojects.readonly","https://www.googleapis.com/auth/firebase","https://www.googleapis.com/auth/cloud-platform"]
[debug] [2024-12-06T12:12:52.846Z] > authorizing via signed-in user (amit22082006@gmail.com)
[info] 
     ######## #### ########  ######## ########     ###     ######  ########
     ##        ##  ##     ## ##       ##     ##  ##   ##  ##       ##
     ######    ##  ########  ######   ########  #########  ######  ######
     ##        ##  ##    ##  ##       ##     ## ##     ##       ## ##
     ##       #### ##     ## ######## ########  ##     ##  ######  ########

You're about to initialize a Firebase project in this directory:

  C:\Users\ASUS\OneDrive\Desktop\new-react-setup

[debug] [2024-12-06T12:12:53.960Z] <<< [apiv2][status] GET https://firebase-public.firebaseio.com/cli.json 200
[debug] [2024-12-06T12:12:53.961Z] <<< [apiv2][body] GET https://firebase-public.firebaseio.com/cli.json {"cloudBuildErrorAfter":1594252800000,"cloudBuildWarnAfter":1590019200000,"defaultNode10After":1594252800000,"minVersion":"3.0.5","node8DeploysDisabledAfter":1613390400000,"node8RuntimeDisabledAfter":1615809600000,"node8WarnAfter":1600128000000}
[info] 
=== Project Setup
[info] 
[info] First, let's associate this project directory with a Firebase project.
[info] You can create multiple project aliases by running firebase use --add, 
[info] but for now we'll just set up a default project.
[info] 
[debug] [2024-12-06T12:13:05.629Z] Checked if tokens are valid: false, expires at: 1733391516228
[debug] [2024-12-06T12:13:05.629Z] Checked if tokens are valid: false, expires at: 1733391516228
[debug] [2024-12-06T12:13:05.630Z] > refreshing access token with scopes: []
[debug] [2024-12-06T12:13:05.631Z] >>> [apiv2][query] POST https://www.googleapis.com/oauth2/v3/token [none]
[debug] [2024-12-06T12:13:05.631Z] >>> [apiv2][body] POST https://www.googleapis.com/oauth2/v3/token [omitted]
[debug] [2024-12-06T12:13:06.032Z] <<< [apiv2][status] POST https://www.googleapis.com/oauth2/v3/token 200
[debug] [2024-12-06T12:13:06.032Z] <<< [apiv2][body] POST https://www.googleapis.com/oauth2/v3/token [omitted]
[debug] [2024-12-06T12:13:06.110Z] >>> [apiv2][query] GET https://firebase.googleapis.com/v1beta1/projects pageSize=100
[debug] [2024-12-06T12:13:07.104Z] <<< [apiv2][status] GET https://firebase.googleapis.com/v1beta1/projects 200
[debug] [2024-12-06T12:13:07.104Z] <<< [apiv2][body] GET https://firebase.googleapis.com/v1beta1/projects [omitted]
[info] i  Using project react-hero-f3ed4 (React-hero) 
[info] 
=== Hosting Setup
[debug] [2024-12-06T12:13:11.630Z] Checked if tokens are valid: true, expires at: 1733490785033
[debug] [2024-12-06T12:13:11.630Z] Checked if tokens are valid: true, expires at: 1733490785033
[debug] [2024-12-06T12:13:11.630Z] >>> [apiv2][query] GET https://firebase.googleapis.com/v1beta1/projects/react-hero-f3ed4 [none]
[debug] [2024-12-06T12:13:12.023Z] <<< [apiv2][status] GET https://firebase.googleapis.com/v1beta1/projects/react-hero-f3ed4 200
[debug] [2024-12-06T12:13:12.024Z] <<< [apiv2][body] GET https://firebase.googleapis.com/v1beta1/projects/react-hero-f3ed4 {"projectId":"react-hero-f3ed4","projectNumber":"19600824115","displayName":"React-hero","name":"projects/react-hero-f3ed4","resources":{"hostingSite":"react-hero-f3ed4"},"state":"ACTIVE","etag":"1_6e8b5f30-09d5-4df9-b28c-622eca14f3f8"}
[info] 
[info] Your public directory is the folder (relative to your project directory) that
[info] will contain Hosting assets to be uploaded with firebase deploy. If you
[info] have a build process for your assets, use your build's output directory.
[info] 
[debug] [2024-12-06T12:13:43.922Z] >>> [apiv2][query] GET https://www.gstatic.com/firebasejs/releases.json [none]
[debug] [2024-12-06T12:13:44.195Z] <<< [apiv2][status] GET https://www.gstatic.com/firebasejs/releases.json 200
[debug] [2024-12-06T12:13:44.195Z] <<< [apiv2][body] GET https://www.gstatic.com/firebasejs/releases.json {"current":{"version":"11.0.2","browserURL":"https://www.gstatic.com/firebasejs/11.0.2/firebase.js","packageURL":"https://www.gstatic.com/firebasejs/11.0.2/firebase.tgz"},"live":{"version":"11.0","browserURL":"https://www.gstatic.com/firebasejs/live/11.0/firebase.js","packageURL":"https://www.gstatic.com/firebasejs/live/11.0/firebase.tgz"},"components":{"analytics":"https://www.gstatic.com/firebasejs/11.0.2/firebase-analytics.js","app":"https://www.gstatic.com/firebasejs/11.0.2/firebase-app.js","app-check":"https://www.gstatic.com/firebasejs/11.0.2/firebase-app-check.js","auth":"https://www.gstatic.com/firebasejs/11.0.2/firebase-auth.js","auth/cordova":"https://www.gstatic.com/firebasejs/11.0.2/firebase-auth/cordova.js","auth/web-extension":"https://www.gstatic.com/firebasejs/11.0.2/firebase-auth/web-extension.js","functions":"https://www.gstatic.com/firebasejs/11.0.2/firebase-functions.js","firestore":"https://www.gstatic.com/firebasejs/11.0.2/firebase-firestore.js","firestore/lite":"https://www.gstatic.com/firebasejs/11.0.2/firebase-firestore/lite.js","installations":"https://www.gstatic.com/firebasejs/11.0.2/firebase-installations.js","storage":"https://www.gstatic.com/firebasejs/11.0.2/firebase-storage.js","performance":"https://www.gstatic.com/firebasejs/11.0.2/firebase-performance.js","remote-config":"https://www.gstatic.com/firebasejs/11.0.2/firebase-remote-config.js","messaging":"https://www.gstatic.com/firebasejs/11.0.2/firebase-messaging.js","messaging/sw":"https://www.gstatic.com/firebasejs/11.0.2/firebase-messaging/sw.js","database":"https://www.gstatic.com/firebasejs/11.0.2/firebase-database.js","vertexai":"https://www.gstatic.com/firebasejs/11.0.2/firebase-vertexai.js","data-connect":"https://www.gstatic.com/firebasejs/11.0.2/firebase-data-connect.js","firestore.memory":"https://www.gstatic.com/firebasejs/11.0.2/firebase-firestore.memory.js"}}
[info] i  Skipping write of public/index.html 
[info] 
[info] i  Detected a .git folder at C:\Users\ASUS\OneDrive\Desktop\new-react-setup 
[info] i  Authorizing with GitHub to upload your service account to a GitHub repository's secrets store. 
[info] 
[info] Visit this URL on this device to log in:
[info] https://github.com/login/oauth/authorize?client_id=89cf50f02ac6aaed3484&state=968802806&redirect_uri=http%3A%2F%2Flocalhost%3A9005&scope=read%3Auser%20repo%20public_repo
[info] 
[info] Waiting for authentication...
[debug] [2024-12-06T12:14:32.731Z] ----------------------------------------------------------------------
[debug] [2024-12-06T12:14:32.736Z] Command:       C:\Program Files\nodejs\node.exe C:\Users\ASUS\AppData\Roaming\npm\node_modules\firebase-tools\lib\bin\firebase.js init
[debug] [2024-12-06T12:14:32.737Z] CLI Version:   13.27.0
[debug] [2024-12-06T12:14:32.737Z] Platform:      win32
[debug] [2024-12-06T12:14:32.737Z] Node Version:  v22.9.0
[debug] [2024-12-06T12:14:32.738Z] Time:          Fri Dec 06 2024 17:44:32 GMT+0530 (India Standard Time)
[debug] [2024-12-06T12:14:32.738Z] ----------------------------------------------------------------------
[debug] 
[debug] [2024-12-06T12:14:32.752Z] > command requires scopes: ["email","openid","https://www.googleapis.com/auth/cloudplatformprojects.readonly","https://www.googleapis.com/auth/firebase","https://www.googleapis.com/auth/cloud-platform"]
[debug] [2024-12-06T12:14:32.753Z] > authorizing via signed-in user (amit22082006@gmail.com)
[info] 
     ######## #### ########  ######## ########     ###     ######  ########
     ##        ##  ##     ## ##       ##     ##  ##   ##  ##       ##
     ######    ##  ########  ######   ########  #########  ######  ######
     ##        ##  ##    ##  ##       ##     ## ##     ##       ## ##
     ##       #### ##     ## ######## ########  ##     ##  ######  ########

You're about to initialize a Firebase project in this directory:

  C:\Users\ASUS\OneDrive\Desktop\new-react-setup

[info] 
=== Project Setup
[info] 
[info] First, let's associate this project directory with a Firebase project.
[info] You can create multiple project aliases by running firebase use --add, 
[info] but for now we'll just set up a default project.
[info] 
[debug] [2024-12-06T12:14:39.777Z] Checked if tokens are valid: true, expires at: 1733490785033
[debug] [2024-12-06T12:14:39.777Z] Checked if tokens are valid: true, expires at: 1733490785033
[debug] [2024-12-06T12:14:39.780Z] >>> [apiv2][query] GET https://firebase.googleapis.com/v1beta1/projects pageSize=100
[debug] [2024-12-06T12:14:40.665Z] <<< [apiv2][status] GET https://firebase.googleapis.com/v1beta1/projects 200
[debug] [2024-12-06T12:14:40.665Z] <<< [apiv2][body] GET https://firebase.googleapis.com/v1beta1/projects [omitted]
[info] i  Using project react-hero-f3ed4 (React-hero) 
[info] 
=== Hosting Setup
[debug] [2024-12-06T12:14:42.446Z] Checked if tokens are valid: true, expires at: 1733490785033
[debug] [2024-12-06T12:14:42.446Z] Checked if tokens are valid: true, expires at: 1733490785033
[debug] [2024-12-06T12:14:42.446Z] >>> [apiv2][query] GET https://firebase.googleapis.com/v1beta1/projects/react-hero-f3ed4 [none]
[debug] [2024-12-06T12:14:42.881Z] <<< [apiv2][status] GET https://firebase.googleapis.com/v1beta1/projects/react-hero-f3ed4 200
[debug] [2024-12-06T12:14:42.881Z] <<< [apiv2][body] GET https://firebase.googleapis.com/v1beta1/projects/react-hero-f3ed4 {"projectId":"react-hero-f3ed4","projectNumber":"19600824115","displayName":"React-hero","name":"projects/react-hero-f3ed4","resources":{"hostingSite":"react-hero-f3ed4"},"state":"ACTIVE","etag":"1_6e8b5f30-09d5-4df9-b28c-622eca14f3f8"}
[info] 
[info] Your public directory is the folder (relative to your project directory) that
[info] will contain Hosting assets to be uploaded with firebase deploy. If you
[info] have a build process for your assets, use your build's output directory.
[info] 
[info] +  Wrote /build/404.html 
[debug] [2024-12-06T12:15:01.833Z] >>> [apiv2][query] GET https://www.gstatic.com/firebasejs/releases.json [none]
[debug] [2024-12-06T12:15:02.196Z] <<< [apiv2][status] GET https://www.gstatic.com/firebasejs/releases.json 200
[debug] [2024-12-06T12:15:02.196Z] <<< [apiv2][body] GET https://www.gstatic.com/firebasejs/releases.json {"current":{"version":"11.0.2","browserURL":"https://www.gstatic.com/firebasejs/11.0.2/firebase.js","packageURL":"https://www.gstatic.com/firebasejs/11.0.2/firebase.tgz"},"live":{"version":"11.0","browserURL":"https://www.gstatic.com/firebasejs/live/11.0/firebase.js","packageURL":"https://www.gstatic.com/firebasejs/live/11.0/firebase.tgz"},"components":{"analytics":"https://www.gstatic.com/firebasejs/11.0.2/firebase-analytics.js","app":"https://www.gstatic.com/firebasejs/11.0.2/firebase-app.js","app-check":"https://www.gstatic.com/firebasejs/11.0.2/firebase-app-check.js","auth":"https://www.gstatic.com/firebasejs/11.0.2/firebase-auth.js","auth/cordova":"https://www.gstatic.com/firebasejs/11.0.2/firebase-auth/cordova.js","auth/web-extension":"https://www.gstatic.com/firebasejs/11.0.2/firebase-auth/web-extension.js","functions":"https://www.gstatic.com/firebasejs/11.0.2/firebase-functions.js","firestore":"https://www.gstatic.com/firebasejs/11.0.2/firebase-firestore.js","firestore/lite":"https://www.gstatic.com/firebasejs/11.0.2/firebase-firestore/lite.js","installations":"https://www.gstatic.com/firebasejs/11.0.2/firebase-installations.js","storage":"https://www.gstatic.com/firebasejs/11.0.2/firebase-storage.js","performance":"https://www.gstatic.com/firebasejs/11.0.2/firebase-performance.js","remote-config":"https://www.gstatic.com/firebasejs/11.0.2/firebase-remote-config.js","messaging":"https://www.gstatic.com/firebasejs/11.0.2/firebase-messaging.js","messaging/sw":"https://www.gstatic.com/firebasejs/11.0.2/firebase-messaging/sw.js","database":"https://www.gstatic.com/firebasejs/11.0.2/firebase-database.js","vertexai":"https://www.gstatic.com/firebasejs/11.0.2/firebase-vertexai.js","data-connect":"https://www.gstatic.com/firebasejs/11.0.2/firebase-data-connect.js","firestore.memory":"https://www.gstatic.com/firebasejs/11.0.2/firebase-firestore.memory.js"}}
[info] +  Wrote /build/index.html 
[info] 
[info] i  Detected a .git folder at C:\Users\ASUS\OneDrive\Desktop\new-react-setup 
[info] i  Authorizing with GitHub to upload your service account to a GitHub repository's secrets store. 
[info] 
[info] Visit this URL on this device to log in:
[info] https://github.com/login/oauth/authorize?client_id=89cf50f02ac6aaed3484&state=150500458&redirect_uri=http%3A%2F%2Flocalhost%3A9006&scope=read%3Auser%20repo%20public_repo
[info] 
[info] Waiting for authentication...
[debug] [2024-12-06T12:15:11.247Z] >>> [apiv2][query] POST https://github.com/login/oauth/access_token [none]
[debug] [2024-12-06T12:15:11.247Z] >>> [apiv2][body] POST https://github.com/login/oauth/access_token [stream]
[debug] [2024-12-06T12:15:11.882Z] <<< [apiv2][status] POST https://github.com/login/oauth/access_token 200
[debug] [2024-12-06T12:15:11.882Z] <<< [apiv2][body] POST https://github.com/login/oauth/access_token {"access_token":"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","token_type":"bearer","scope":"read:user,repo"}
[debug] [2024-12-06T12:15:11.886Z] >>> [apiv2][query] GET https://api.github.com/user [none]
[debug] [2024-12-06T12:15:12.478Z] <<< [apiv2][status] GET https://api.github.com/user 200
[debug] [2024-12-06T12:15:12.478Z] <<< [apiv2][body] GET https://api.github.com/user {"login":"AmitSheoran-557","id":174697124,"node_id":"U_kgDOCmmqpA","avatar_url":"https://avatars.githubusercontent.com/u/174697124?v=4","gravatar_id":"","url":"https://api.github.com/users/AmitSheoran-557","html_url":"https://github.com/AmitSheoran-557","followers_url":"https://api.github.com/users/AmitSheoran-557/followers","following_url":"https://api.github.com/users/AmitSheoran-557/following{/other_user}","gists_url":"https://api.github.com/users/AmitSheoran-557/gists{/gist_id}","starred_url":"https://api.github.com/users/AmitSheoran-557/starred{/owner}{/repo}","subscriptions_url":"https://api.github.com/users/AmitSheoran-557/subscriptions","organizations_url":"https://api.github.com/users/AmitSheoran-557/orgs","repos_url":"https://api.github.com/users/AmitSheoran-557/repos","events_url":"https://api.github.com/users/AmitSheoran-557/events{/privacy}","received_events_url":"https://api.github.com/users/AmitSheoran-557/received_events","type":"User","user_view_type":"private","site_admin":false,"name":null,"company":null,"blog":"","location":null,"email":null,"hireable":null,"bio":null,"twitter_username":null,"notification_email":null,"public_repos":47,"public_gists":0,"followers":0,"following":0,"created_at":"2024-07-04T08:51:46Z","updated_at":"2024-08-28T06:53:46Z","private_gists":0,"total_private_repos":0,"owned_private_repos":0,"disk_usage":424572,"collaborators":0,"two_factor_authentication":false,"plan":{"name":"free","space":976562499,"collaborators":0,"private_repos":10000}}
[info] 
[info] +  Success! Logged into GitHub as AmitSheoran-557 
[info] 
[debug] [2024-12-06T12:15:31.045Z] >>> [apiv2][query] GET https://api.github.com/repos/	/actions/secrets/public-key type=owner
[debug] [2024-12-06T12:15:31.571Z] <<< [apiv2][status] GET https://api.github.com/repos/	/actions/secrets/public-key 404
[debug] [2024-12-06T12:15:31.571Z] <<< [apiv2][body] GET https://api.github.com/repos/	/actions/secrets/public-key {"message":"Not Found","documentation_url":"https://docs.github.com/rest","status":"404"}
[info] 
[info] 
[error] !  The provided authorization cannot be used with this repository. If this repository is in an organization, did you remember to grant access? 
[info] 
[info] i  Action required: Visit this URL to ensure access has been granted to the appropriate organization(s) for the Firebase CLI GitHub OAuth App: 
[info] https://github.com/settings/connections/applications/89cf50f02ac6aaed3484
[info] 
